2024-05-21 17:47:06,168 - root - INFO - ETL process started
2024-05-21 17:48:09,263 - root - INFO - ETL process started
2024-05-21 17:48:09,263 - root - INFO - Starting data extraction
2024-05-21 17:48:09,639 - root - INFO - Successfully fetched data for Kathmandu
2024-05-21 17:48:10,083 - root - INFO - Successfully fetched data for Bhaktapur
2024-05-21 17:48:16,034 - root - INFO - Successfully fetched data for Pokhara
2024-05-21 17:48:16,932 - root - INFO - Successfully fetched data for Kirtipur
2024-05-21 17:48:17,398 - root - INFO - Successfully fetched data for Banepa
2024-05-21 17:48:18,300 - root - INFO - Successfully fetched data for Dhulikhel
2024-05-21 17:48:18,665 - root - INFO - Successfully fetched data for Sydney
2024-05-21 17:48:19,104 - root - INFO - Successfully fetched data for Melbourne
2024-05-21 17:48:19,542 - root - INFO - Successfully fetched data for Brisbane
2024-05-21 17:48:19,903 - root - INFO - Successfully fetched data for Canberra
2024-05-21 17:48:20,415 - root - INFO - Successfully fetched data for Berlin
2024-05-21 17:48:20,416 - root - INFO - Completed data extraction in 0:00:11.153431
2024-05-21 17:48:20,416 - root - INFO - ------------------------END-------------------------
2024-05-21 17:48:20,416 - root - INFO - Starting data transformation
2024-05-21 17:48:20,425 - root - INFO - Completed data transformation in 0:00:00.008677
2024-05-21 17:48:20,425 - root - INFO - Starting data loading
2024-05-21 17:48:20,487 - root - INFO - Completed data loading in 0:00:00.062741
2024-05-21 17:48:20,487 - root - INFO - ETL process completed in 0:00:11.224849
